This is pdfTeX, Version 3.141592653-2.6-1.40.27 (TeX Live 2025) (preloaded format=latex 2025.4.16)  18 JUL 2025 15:01
entering extended mode
 restricted \write18 enabled.
 %&-line parsing enabled.
**/Users/sueyoshi/lecture/ie_ensyu2/Shelfie/shelfie_rep/shelfie_rep0711/sherfie_rep0711.tex
(/Users/sueyoshi/lecture/ie_ensyu2/Shelfie/shelfie_rep/shelfie_rep0711/sherfie_rep0711.tex
LaTeX2e <2024-11-01> patch level 2
L3 programming layer <2025-01-18>
(/usr/local/texlive/2025/texmf-dist/tex/platex/jsclasses/jsarticle.cls

! LaTeX Error: This file needs format `pLaTeX2e'
               but this is `LaTeX2e'.

See the LaTeX manual or LaTeX Companion for explanation.
Type  H <return>  for immediate help.
 ...                                              
                                                  
l.14 \NeedsTeXFormat{pLaTeX2e}
                              
The current input file will not be processed further,
because it was written for some other flavor of TeX.
You're in trouble here.  Try typing  <return>  to proceed.
If that doesn't work, type  X <return>  to quit.

) (/usr/local/texlive/2025/texmf-dist/tex/latex/graphics/graphicx.sty
Package: graphicx 2021/09/16 v1.2d Enhanced LaTeX Graphics (DPC,SPQR)
(/usr/local/texlive/2025/texmf-dist/tex/latex/graphics/keyval.sty
Package: keyval 2022/05/29 v1.15 key=value parser (DPC)
\KV@toks@=\toks17
) (/usr/local/texlive/2025/texmf-dist/tex/latex/graphics/graphics.sty
Package: graphics 2024/08/06 v1.4g Standard LaTeX Graphics (DPC,SPQR)
(/usr/local/texlive/2025/texmf-dist/tex/latex/graphics/trig.sty
Package: trig 2023/12/02 v1.11 sin cos tan (DPC)
) (/usr/local/texlive/2025/texmf-dist/tex/latex/graphics-cfg/graphics.cfg
File: graphics.cfg 2016/06/04 v1.11 sample graphics configuration
)
Package graphics Info: Driver file: dvipdfmx.def on input line 106.
(/usr/local/texlive/2025/texmf-dist/tex/latex/graphics-def/dvipdfmx.def
File: dvipdfmx.def 2022/09/22 v5.0m Graphics/color driver for dvipdfmx
))
\Gin@req@height=\dimen141
\Gin@req@width=\dimen142
) (/usr/local/texlive/2025/texmf-dist/tex/latex/tools/array.sty
Package: array 2024/10/17 v2.6g Tabular extension package (FMi)
\col@sep=\dimen143
\ar@mcellbox=\box52
\extrarowheight=\dimen144
\NC@list=\toks18
\extratabsurround=\skip49
\backup@length=\skip50
\ar@cellbox=\box53
) (/usr/local/texlive/2025/texmf-dist/tex/latex/listings/listings.sty
\lst@mode=\count196
\lst@gtempboxa=\box54
\lst@token=\toks19
\lst@length=\count197
\lst@currlwidth=\dimen145
\lst@column=\count198
\lst@pos=\count199
\lst@lostspace=\dimen146
\lst@width=\dimen147
\lst@newlines=\count266
\lst@lineno=\count267
\abovecaptionskip=\skip51
\belowcaptionskip=\skip52
\lst@maxwidth=\dimen148
(/usr/local/texlive/2025/texmf-dist/tex/latex/listings/lstpatch.sty
File: lstpatch.sty 2024/09/23 1.10c (Carsten Heinz)
) (/usr/local/texlive/2025/texmf-dist/tex/latex/listings/lstmisc.sty
File: lstmisc.sty 2024/09/23 1.10c (Carsten Heinz)
\c@lstnumber=\count268
\lst@skipnumbers=\count269
\lst@framebox=\box55
) (/usr/local/texlive/2025/texmf-dist/tex/latex/listings/listings.cfg
File: listings.cfg 2024/09/23 1.10c listings configuration
))
Package: listings 2024/09/23 1.10c (Carsten Heinz)
(/usr/local/texlive/2025/texmf-dist/tex/latex/amsmath/amsmath.sty
Package: amsmath 2024/11/05 v2.17t AMS math features
\@mathmargin=\skip53
For additional information on amsmath, use the `?' option.
(/usr/local/texlive/2025/texmf-dist/tex/latex/amsmath/amstext.sty
Package: amstext 2021/08/26 v2.01 AMS text
(/usr/local/texlive/2025/texmf-dist/tex/latex/amsmath/amsgen.sty
File: amsgen.sty 1999/11/30 v2.0 generic functions
\@emptytoks=\toks20
\ex@=\dimen149
)) (/usr/local/texlive/2025/texmf-dist/tex/latex/amsmath/amsbsy.sty
Package: amsbsy 1999/11/29 v1.2d Bold Symbols
\pmbraise@=\dimen150
) (/usr/local/texlive/2025/texmf-dist/tex/latex/amsmath/amsopn.sty
Package: amsopn 2022/04/08 v2.04 operator names
)
\inf@bad=\count270
LaTeX Info: Redefining \frac on input line 233.
\uproot@=\count271
\leftroot@=\count272
LaTeX Info: Redefining \overline on input line 398.
LaTeX Info: Redefining \colon on input line 409.
\classnum@=\count273
\DOTSCASE@=\count274
LaTeX Info: Redefining \ldots on input line 495.
LaTeX Info: Redefining \dots on input line 498.
LaTeX Info: Redefining \cdots on input line 619.
\Mathstrutbox@=\box56
\strutbox@=\box57
LaTeX Info: Redefining \big on input line 721.
LaTeX Info: Redefining \Big on input line 722.
LaTeX Info: Redefining \bigg on input line 723.
LaTeX Info: Redefining \Bigg on input line 724.
\big@size=\dimen151
LaTeX Font Info:    Redeclaring font encoding OML on input line 742.
LaTeX Font Info:    Redeclaring font encoding OMS on input line 743.
\macc@depth=\count275
LaTeX Info: Redefining \bmod on input line 904.
LaTeX Info: Redefining \pmod on input line 909.
LaTeX Info: Redefining \smash on input line 939.
LaTeX Info: Redefining \relbar on input line 969.
LaTeX Info: Redefining \Relbar on input line 970.
\c@MaxMatrixCols=\count276
\dotsspace@=\muskip17
\c@parentequation=\count277
\dspbrk@lvl=\count278
\tag@help=\toks21
\row@=\count279
\column@=\count280
\maxfields@=\count281
\andhelp@=\toks22
\eqnshift@=\dimen152
\alignsep@=\dimen153
\tagshift@=\dimen154
\tagwidth@=\dimen155
\totwidth@=\dimen156
\lineht@=\dimen157
\@envbody=\toks23
\multlinegap=\skip54
\multlinetaggap=\skip55
\mathdisplay@stack=\toks24
LaTeX Info: Redefining \[ on input line 2953.
LaTeX Info: Redefining \] on input line 2954.
) (/usr/local/texlive/2025/texmf-dist/tex/latex/comment/comment.sty
\CommentStream=\write3
Excluding comment 'comment') (/usr/local/texlive/2025/texmf-dist/tex/latex/l3backend/l3backend-dvips.def
File: l3backend-dvips.def 2024-05-08 L3 backend support: dvips
\l__pdf_internal_box=\box58
\l__pdf_backend_content_box=\box59
\l__pdf_backend_model_box=\box60
\g__pdf_backend_annotation_int=\count282
\g__pdf_backend_link_int=\count283
\g__pdf_backend_link_sf_int=\count284
) (./sherfie_rep0711.aux

LaTeX Warning: Label `fig:func' multiply defined.


LaTeX Warning: Label `fig:func' multiply defined.


LaTeX Warning: Label `fig:func' multiply defined.


LaTeX Warning: Label `fig:func' multiply defined.


LaTeX Warning: Label `fig:func' multiply defined.


LaTeX Warning: Label `fig:func' multiply defined.


LaTeX Warning: Label `fig:func' multiply defined.


LaTeX Warning: Label `fig:func' multiply defined.

)
\openout1 = `sherfie_rep0711.aux'.

LaTeX Font Info:    Checking defaults for OML/cmm/m/it on input line 13.
LaTeX Font Info:    ... okay on input line 13.
LaTeX Font Info:    Checking defaults for OMS/cmsy/m/n on input line 13.
LaTeX Font Info:    ... okay on input line 13.
LaTeX Font Info:    Checking defaults for OT1/cmr/m/n on input line 13.
LaTeX Font Info:    ... okay on input line 13.
LaTeX Font Info:    Checking defaults for T1/cmr/m/n on input line 13.
LaTeX Font Info:    ... okay on input line 13.
LaTeX Font Info:    Checking defaults for TS1/cmr/m/n on input line 13.
LaTeX Font Info:    ... okay on input line 13.
LaTeX Font Info:    Checking defaults for OMX/cmex/m/n on input line 13.
LaTeX Font Info:    ... okay on input line 13.
LaTeX Font Info:    Checking defaults for U/cmr/m/n on input line 13.
LaTeX Font Info:    ... okay on input line 13.

! LaTeX Error: The font size command \normalsize is not defined:
               there is probably something wrong with the class file.

See the LaTeX manual or LaTeX Companion for explanation.
Type  H <return>  for immediate help.
 ...                                              
                                                  
l.13 \begin{document}
                     
Your command was ignored.
Type  I <command> <return>  to replace it with another command,
or  <return>  to continue without it.

\c@lstlisting=\count285
! Undefined control sequence.
l.14 \maketitle
               
The control sequence at the end of the top line
of your error message was never \def'ed. If you have
misspelled it (e.g., `\hobx'), type `I' and the correct
spelling (e.g., `I\hbox'). Otherwise just continue,
and I'll forget about whatever was undefined.

! Undefined control sequence.
l.18 \tableofcontents
                     
The control sequence at the end of the top line
of your error message was never \def'ed. If you have
misspelled it (e.g., `\hobx'), type `I' and the correct
spelling (e.g., `I\hbox'). Otherwise just continue,
and I'll forget about whatever was undefined.

! Undefined control sequence.
l.21 \section
             {é–‹ç™ºã™ã‚‹ã‚¢ãƒ—ãƒªåã€å†…å®¹ã€é–‹ç™ºã®èƒŒæ™¯ç­‰}
The control sequence at the end of the top line
of your error message was never \def'ed. If you have
misspelled it (e.g., `\hobx'), type `I' and the correct
spelling (e.g., `I\hbox'). Otherwise just continue,
and I'll forget about whatever was undefined.


! LaTeX Error: Unicode character é–‹ (U+958B)
               not set up for use with LaTeX.

See the LaTeX manual or LaTeX Companion for explanation.
Type  H <return>  for immediate help.
 ...                                              
                                                  
l.21 \section{é–‹
                 ç™ºã™ã‚‹ã‚¢ãƒ—ãƒªåã€å†…å®¹ã€é–‹ç™ºã®èƒŒæ™¯ç­‰}
You may provide a definition with
\DeclareUnicodeCharacter 


! LaTeX Error: Unicode character ç™º (U+767A)
               not set up for use with LaTeX.

See the LaTeX manual or LaTeX Companion for explanation.
Type  H <return>  for immediate help.
 ...                                              
                                                  
l.21 \section{é–‹ç™º
                    ã™ã‚‹ã‚¢ãƒ—ãƒªåã€å†…å®¹ã€é–‹ç™ºã®èƒŒæ™¯ç­‰}
You may provide a definition with
\DeclareUnicodeCharacter 


! LaTeX Error: Unicode character ã™ (U+3059)
               not set up for use with LaTeX.

See the LaTeX manual or LaTeX Companion for explanation.
Type  H <return>  for immediate help.
 ...                                              
                                                  
l.21 \section{é–‹ç™ºã™
                       ã‚‹ã‚¢ãƒ—ãƒªåã€å†…å®¹ã€é–‹ç™ºã®èƒŒæ™¯ç­‰}
You may provide a definition with
\DeclareUnicodeCharacter 


! LaTeX Error: Unicode character ã‚‹ (U+308B)
               not set up for use with LaTeX.

See the LaTeX manual or LaTeX Companion for explanation.
Type  H <return>  for immediate help.
 ...                                              
                                                  
l.21 \section{é–‹ç™ºã™ã‚‹
                          ã‚¢ãƒ—ãƒªåã€å†…å®¹ã€é–‹ç™ºã®èƒŒæ™¯ç­‰}
You may provide a definition with
\DeclareUnicodeCharacter 


! LaTeX Error: Unicode character ã‚¢ (U+30A2)
               not set up for use with LaTeX.

See the LaTeX manual or LaTeX Companion for explanation.
Type  H <return>  for immediate help.
 ...                                              
                                                  
l.21 \section{é–‹ç™ºã™ã‚‹ã‚¢
                             ãƒ—ãƒªåã€å†…å®¹ã€é–‹ç™ºã®èƒŒæ™¯ç­‰}
You may provide a definition with
\DeclareUnicodeCharacter 


! LaTeX Error: Unicode character ãƒ— (U+30D7)
               not set up for use with LaTeX.

See the LaTeX manual or LaTeX Companion for explanation.
Type  H <return>  for immediate help.
 ...                                              
                                                  
l.21 \section{é–‹ç™ºã™ã‚‹ã‚¢ãƒ—
                                ãƒªåã€å†…å®¹ã€é–‹ç™ºã®èƒŒæ™¯ç­‰}
You may provide a definition with
\DeclareUnicodeCharacter 


! LaTeX Error: Unicode character ãƒª (U+30EA)
               not set up for use with LaTeX.

See the LaTeX manual or LaTeX Companion for explanation.
Type  H <return>  for immediate help.
 ...                                              
                                                  
l.21 \section{é–‹ç™ºã™ã‚‹ã‚¢ãƒ—ãƒª
                                   åã€å†…å®¹ã€é–‹ç™ºã®èƒŒæ™¯ç­‰}
You may provide a definition with
\DeclareUnicodeCharacter 


! LaTeX Error: Unicode character å (U+540D)
               not set up for use with LaTeX.

See the LaTeX manual or LaTeX Companion for explanation.
Type  H <return>  for immediate help.
 ...                                              
                                                  
l.21 \section{é–‹ç™ºã™ã‚‹ã‚¢ãƒ—ãƒªå
                                      ã€å†…å®¹ã€é–‹ç™ºã®èƒŒæ™¯ç­‰}
You may provide a definition with
\DeclareUnicodeCharacter 


! LaTeX Error: Unicode character ã€ (U+3001)
               not set up for use with LaTeX.

See the LaTeX manual or LaTeX Companion for explanation.
Type  H <return>  for immediate help.
 ...                                              
                                                  
l.21 \section{é–‹ç™ºã™ã‚‹ã‚¢ãƒ—ãƒªåã€
                                         å†…å®¹ã€é–‹ç™ºã®èƒŒæ™¯ç­‰}
You may provide a definition with
\DeclareUnicodeCharacter 


! LaTeX Error: Unicode character å†… (U+5185)
               not set up for use with LaTeX.

See the LaTeX manual or LaTeX Companion for explanation.
Type  H <return>  for immediate help.
 ...                                              
                                                  
l.21 \section{é–‹ç™ºã™ã‚‹ã‚¢ãƒ—ãƒªåã€å†…
                                            å®¹ã€é–‹ç™ºã®èƒŒæ™¯ç­‰}
You may provide a definition with
\DeclareUnicodeCharacter 


! LaTeX Error: Unicode character å®¹ (U+5BB9)
               not set up for use with LaTeX.

See the LaTeX manual or LaTeX Companion for explanation.
Type  H <return>  for immediate help.
 ...                                              
                                                  
l.21 \section{é–‹ç™ºã™ã‚‹ã‚¢ãƒ—ãƒªåã€å†…å®¹
                                               ã€é–‹ç™ºã®èƒŒæ™¯ç­‰}
You may provide a definition with
\DeclareUnicodeCharacter 


! LaTeX Error: Unicode character ã€ (U+3001)
               not set up for use with LaTeX.

See the LaTeX manual or LaTeX Companion for explanation.
Type  H <return>  for immediate help.
 ...                                              
                                                  
l.21 \section{é–‹ç™ºã™ã‚‹ã‚¢ãƒ—ãƒªåã€å†…å®¹ã€
                                                  é–‹ç™ºã®èƒŒæ™¯ç­‰}
You may provide a definition with
\DeclareUnicodeCharacter 


! LaTeX Error: Unicode character é–‹ (U+958B)
               not set up for use with LaTeX.

See the LaTeX manual or LaTeX Companion for explanation.
Type  H <return>  for immediate help.
 ...                                              
                                                  
l.21 ...on{é–‹ç™ºã™ã‚‹ã‚¢ãƒ—ãƒªåã€å†…å®¹ã€é–‹
                                                  ç™ºã®èƒŒæ™¯ç­‰}
You may provide a definition with
\DeclareUnicodeCharacter 


! LaTeX Error: Unicode character ç™º (U+767A)
               not set up for use with LaTeX.

See the LaTeX manual or LaTeX Companion for explanation.
Type  H <return>  for immediate help.
 ...                                              
                                                  
l.21 ...é–‹ç™ºã™ã‚‹ã‚¢ãƒ—ãƒªåã€å†…å®¹ã€é–‹ç™º
                                                  ã®èƒŒæ™¯ç­‰}
You may provide a definition with
\DeclareUnicodeCharacter 


! LaTeX Error: Unicode character ã® (U+306E)
               not set up for use with LaTeX.

See the LaTeX manual or LaTeX Companion for explanation.
Type  H <return>  for immediate help.
 ...                                              
                                                  
l.21 ...ç™ºã™ã‚‹ã‚¢ãƒ—ãƒªåã€å†…å®¹ã€é–‹ç™ºã®
                                                  èƒŒæ™¯ç­‰}
You may provide a definition with
\DeclareUnicodeCharacter 


! LaTeX Error: Unicode character èƒŒ (U+80CC)
               not set up for use with LaTeX.

See the LaTeX manual or LaTeX Companion for explanation.
Type  H <return>  for immediate help.
 ...                                              
                                                  
l.21 ...ã™ã‚‹ã‚¢ãƒ—ãƒªåã€å†…å®¹ã€é–‹ç™ºã®èƒŒ
                                                  æ™¯ç­‰}
You may provide a definition with
\DeclareUnicodeCharacter 


! LaTeX Error: Unicode character æ™¯ (U+666F)
               not set up for use with LaTeX.

See the LaTeX manual or LaTeX Companion for explanation.
Type  H <return>  for immediate help.
 ...                                              
                                                  
l.21 ...ã‚‹ã‚¢ãƒ—ãƒªåã€å†…å®¹ã€é–‹ç™ºã®èƒŒæ™¯
                                                  ç­‰}
You may provide a definition with
\DeclareUnicodeCharacter 


! LaTeX Error: Unicode character ç­‰ (U+7B49)
               not set up for use with LaTeX.

See the LaTeX manual or LaTeX Companion for explanation.
Type  H <return>  for immediate help.
 ...                                              
                                                  
l.21 ...ã‚¢ãƒ—ãƒªåã€å†…å®¹ã€é–‹ç™ºã®èƒŒæ™¯ç­‰
                                                  }
You may provide a definition with
\DeclareUnicodeCharacter 

! Undefined control sequence.
l.22 \subsection
                {é–‹ç™ºã™ã‚‹ã‚¢ãƒ—ãƒªå}
The control sequence at the end of the top line
of your error message was never \def'ed. If you have
misspelled it (e.g., `\hobx'), type `I' and the correct
spelling (e.g., `I\hbox'). Otherwise just continue,
and I'll forget about whatever was undefined.


! LaTeX Error: Unicode character é–‹ (U+958B)
               not set up for use with LaTeX.

See the LaTeX manual or LaTeX Companion for explanation.
Type  H <return>  for immediate help.
 ...                                              
                                                  
l.22 \subsection{é–‹
                    ç™ºã™ã‚‹ã‚¢ãƒ—ãƒªå}
You may provide a definition with
\DeclareUnicodeCharacter 


! LaTeX Error: Unicode character ç™º (U+767A)
               not set up for use with LaTeX.

See the LaTeX manual or LaTeX Companion for explanation.
Type  H <return>  for immediate help.
 ...                                              
                                                  
l.22 \subsection{é–‹ç™º
                       ã™ã‚‹ã‚¢ãƒ—ãƒªå}
You may provide a definition with
\DeclareUnicodeCharacter 


! LaTeX Error: Unicode character ã™ (U+3059)
               not set up for use with LaTeX.

See the LaTeX manual or LaTeX Companion for explanation.
Type  H <return>  for immediate help.
 ...                                              
                                                  
l.22 \subsection{é–‹ç™ºã™
                          ã‚‹ã‚¢ãƒ—ãƒªå}
You may provide a definition with
\DeclareUnicodeCharacter 


! LaTeX Error: Unicode character ã‚‹ (U+308B)
               not set up for use with LaTeX.

See the LaTeX manual or LaTeX Companion for explanation.
Type  H <return>  for immediate help.
 ...                                              
                                                  
l.22 \subsection{é–‹ç™ºã™ã‚‹
                             ã‚¢ãƒ—ãƒªå}
You may provide a definition with
\DeclareUnicodeCharacter 


! LaTeX Error: Unicode character ã‚¢ (U+30A2)
               not set up for use with LaTeX.

See the LaTeX manual or LaTeX Companion for explanation.
Type  H <return>  for immediate help.
 ...                                              
                                                  
l.22 \subsection{é–‹ç™ºã™ã‚‹ã‚¢
                                ãƒ—ãƒªå}
You may provide a definition with
\DeclareUnicodeCharacter 


! LaTeX Error: Unicode character ãƒ— (U+30D7)
               not set up for use with LaTeX.

See the LaTeX manual or LaTeX Companion for explanation.
Type  H <return>  for immediate help.
 ...                                              
                                                  
l.22 \subsection{é–‹ç™ºã™ã‚‹ã‚¢ãƒ—
                                   ãƒªå}
You may provide a definition with
\DeclareUnicodeCharacter 


! LaTeX Error: Unicode character ãƒª (U+30EA)
               not set up for use with LaTeX.

See the LaTeX manual or LaTeX Companion for explanation.
Type  H <return>  for immediate help.
 ...                                              
                                                  
l.22 \subsection{é–‹ç™ºã™ã‚‹ã‚¢ãƒ—ãƒª
                                      å}
You may provide a definition with
\DeclareUnicodeCharacter 


! LaTeX Error: Unicode character å (U+540D)
               not set up for use with LaTeX.

See the LaTeX manual or LaTeX Companion for explanation.
Type  H <return>  for immediate help.
 ...                                              
                                                  
l.22 \subsection{é–‹ç™ºã™ã‚‹ã‚¢ãƒ—ãƒªå
                                         }
You may provide a definition with
\DeclareUnicodeCharacter 

! Undefined control sequence.
l.24 \subsection
                {å†…å®¹}
The control sequence at the end of the top line
of your error message was never \def'ed. If you have
misspelled it (e.g., `\hobx'), type `I' and the correct
spelling (e.g., `I\hbox'). Otherwise just continue,
and I'll forget about whatever was undefined.


! LaTeX Error: Unicode character å†… (U+5185)
               not set up for use with LaTeX.

See the LaTeX manual or LaTeX Companion for explanation.
Type  H <return>  for immediate help.
 ...                                              
                                                  
l.24 \subsection{å†…
                    å®¹}
You may provide a definition with
\DeclareUnicodeCharacter 


! LaTeX Error: Unicode character å®¹ (U+5BB9)
               not set up for use with LaTeX.

See the LaTeX manual or LaTeX Companion for explanation.
Type  H <return>  for immediate help.
 ...                                              
                                                  
l.24 \subsection{å†…å®¹
                       }
You may provide a definition with
\DeclareUnicodeCharacter 


! LaTeX Error: Unicode character è‡ª (U+81EA)
               not set up for use with LaTeX.

See the LaTeX manual or LaTeX Companion for explanation.
Type  H <return>  for immediate help.
 ...                                              
                                                  
l.25 è‡ª
        åˆ†ãŒèª­ã‚“ã æœ¬ã€è²·ã£ãŸæœ¬ã®å†™çœŸã‚’æ’®ã‚Šã€ãƒ‡ã‚¸ã‚¿ãƒ«æœ...
You may provide a definition with
\DeclareUnicodeCharacter 


! LaTeX Error: Unicode character åˆ† (U+5206)
               not set up for use with LaTeX.

See the LaTeX manual or LaTeX Companion for explanation.
Type  H <return>  for immediate help.
 ...                                              
                                                  
l.25 è‡ªåˆ†
           ãŒèª­ã‚“ã æœ¬ã€è²·ã£ãŸæœ¬ã®å†™çœŸã‚’æ’®ã‚Šã€ãƒ‡ã‚¸ã‚¿ãƒ«æœ...
You may provide a definition with
\DeclareUnicodeCharacter 


! LaTeX Error: Unicode character ãŒ (U+304C)
               not set up for use with LaTeX.

See the LaTeX manual or LaTeX Companion for explanation.
Type  H <return>  for immediate help.
 ...                                              
                                                  
l.25 è‡ªåˆ†ãŒ
              èª­ã‚“ã æœ¬ã€è²·ã£ãŸæœ¬ã®å†™çœŸã‚’æ’®ã‚Šã€ãƒ‡ã‚¸ã‚¿ãƒ«æœ...
You may provide a definition with
\DeclareUnicodeCharacter 


! LaTeX Error: Unicode character èª­ (U+8AAD)
               not set up for use with LaTeX.

See the LaTeX manual or LaTeX Companion for explanation.
Type  H <return>  for immediate help.
 ...                                              
                                                  
l.25 è‡ªåˆ†ãŒèª­
                 ã‚“ã æœ¬ã€è²·ã£ãŸæœ¬ã®å†™çœŸã‚’æ’®ã‚Šã€ãƒ‡ã‚¸ã‚¿ãƒ«æœ...
You may provide a definition with
\DeclareUnicodeCharacter 


! LaTeX Error: Unicode character ã‚“ (U+3093)
               not set up for use with LaTeX.

See the LaTeX manual or LaTeX Companion for explanation.
Type  H <return>  for immediate help.
 ...                                              
                                                  
l.25 è‡ªåˆ†ãŒèª­ã‚“
                    ã æœ¬ã€è²·ã£ãŸæœ¬ã®å†™çœŸã‚’æ’®ã‚Šã€ãƒ‡ã‚¸ã‚¿ãƒ«æœ...
You may provide a definition with
\DeclareUnicodeCharacter 


! LaTeX Error: Unicode character ã  (U+3060)
               not set up for use with LaTeX.

See the LaTeX manual or LaTeX Companion for explanation.
Type  H <return>  for immediate help.
 ...                                              
                                                  
l.25 è‡ªåˆ†ãŒèª­ã‚“ã 
                       æœ¬ã€è²·ã£ãŸæœ¬ã®å†™çœŸã‚’æ’®ã‚Šã€ãƒ‡ã‚¸ã‚¿ãƒ«æœ...
You may provide a definition with
\DeclareUnicodeCharacter 


! LaTeX Error: Unicode character æœ¬ (U+672C)
               not set up for use with LaTeX.

See the LaTeX manual or LaTeX Companion for explanation.
Type  H <return>  for immediate help.
 ...                                              
                                                  
l.25 è‡ªåˆ†ãŒèª­ã‚“ã æœ¬
                          ã€è²·ã£ãŸæœ¬ã®å†™çœŸã‚’æ’®ã‚Šã€ãƒ‡ã‚¸ã‚¿ãƒ«æœ...
You may provide a definition with
\DeclareUnicodeCharacter 


! LaTeX Error: Unicode character ã€ (U+3001)
               not set up for use with LaTeX.

See the LaTeX manual or LaTeX Companion for explanation.
Type  H <return>  for immediate help.
 ...                                              
                                                  
l.25 è‡ªåˆ†ãŒèª­ã‚“ã æœ¬ã€
                             è²·ã£ãŸæœ¬ã®å†™çœŸã‚’æ’®ã‚Šã€ãƒ‡ã‚¸ã‚¿ãƒ«æœ...
You may provide a definition with
\DeclareUnicodeCharacter 


! LaTeX Error: Unicode character è²· (U+8CB7)
               not set up for use with LaTeX.

See the LaTeX manual or LaTeX Companion for explanation.
Type  H <return>  for immediate help.
 ...                                              
                                                  
l.25 è‡ªåˆ†ãŒèª­ã‚“ã æœ¬ã€è²·
                                ã£ãŸæœ¬ã®å†™çœŸã‚’æ’®ã‚Šã€ãƒ‡ã‚¸ã‚¿ãƒ«æœ...
You may provide a definition with
\DeclareUnicodeCharacter 


! LaTeX Error: Unicode character ã£ (U+3063)
               not set up for use with LaTeX.

See the LaTeX manual or LaTeX Companion for explanation.
Type  H <return>  for immediate help.
 ...                                              
                                                  
l.25 è‡ªåˆ†ãŒèª­ã‚“ã æœ¬ã€è²·ã£
                                   ãŸæœ¬ã®å†™çœŸã‚’æ’®ã‚Šã€ãƒ‡ã‚¸ã‚¿ãƒ«æœ...
You may provide a definition with
\DeclareUnicodeCharacter 


! LaTeX Error: Unicode character ãŸ (U+305F)
               not set up for use with LaTeX.

See the LaTeX manual or LaTeX Companion for explanation.
Type  H <return>  for immediate help.
 ...                                              
                                                  
l.25 è‡ªåˆ†ãŒèª­ã‚“ã æœ¬ã€è²·ã£ãŸ
                                      æœ¬ã®å†™çœŸã‚’æ’®ã‚Šã€ãƒ‡ã‚¸ã‚¿ãƒ«æœ...
You may provide a definition with
\DeclareUnicodeCharacter 


! LaTeX Error: Unicode character æœ¬ (U+672C)
               not set up for use with LaTeX.

See the LaTeX manual or LaTeX Companion for explanation.
Type  H <return>  for immediate help.
 ...                                              
                                                  
l.25 è‡ªåˆ†ãŒèª­ã‚“ã æœ¬ã€è²·ã£ãŸæœ¬
                                         ã®å†™çœŸã‚’æ’®ã‚Šã€ãƒ‡ã‚¸ã‚¿ãƒ«æœ...
You may provide a definition with
\DeclareUnicodeCharacter 


! LaTeX Error: Unicode character ã® (U+306E)
               not set up for use with LaTeX.

See the LaTeX manual or LaTeX Companion for explanation.
Type  H <return>  for immediate help.
 ...                                              
                                                  
l.25 è‡ªåˆ†ãŒèª­ã‚“ã æœ¬ã€è²·ã£ãŸæœ¬ã®
                                            å†™çœŸã‚’æ’®ã‚Šã€ãƒ‡ã‚¸ã‚¿ãƒ«æœ...
You may provide a definition with
\DeclareUnicodeCharacter 


! LaTeX Error: Unicode character å†™ (U+5199)
               not set up for use with LaTeX.

See the LaTeX manual or LaTeX Companion for explanation.
Type  H <return>  for immediate help.
 ...                                              
                                                  
l.25 è‡ªåˆ†ãŒèª­ã‚“ã æœ¬ã€è²·ã£ãŸæœ¬ã®å†™
                                               çœŸã‚’æ’®ã‚Šã€ãƒ‡ã‚¸ã‚¿ãƒ«æœ...
You may provide a definition with
\DeclareUnicodeCharacter 


! LaTeX Error: Unicode character çœŸ (U+771F)
               not set up for use with LaTeX.

See the LaTeX manual or LaTeX Companion for explanation.
Type  H <return>  for immediate help.
 ...                                              
                                                  
l.25 è‡ªåˆ†ãŒèª­ã‚“ã æœ¬ã€è²·ã£ãŸæœ¬ã®å†™çœŸ
                                                  ã‚’æ’®ã‚Šã€ãƒ‡ã‚¸ã‚¿ãƒ«æœ...
You may provide a definition with
\DeclareUnicodeCharacter 


! LaTeX Error: Unicode character ã‚’ (U+3092)
               not set up for use with LaTeX.

See the LaTeX manual or LaTeX Companion for explanation.
Type  H <return>  for immediate help.
 ...                                              
                                                  
l.25 ...ãŒèª­ã‚“ã æœ¬ã€è²·ã£ãŸæœ¬ã®å†™çœŸã‚’
                                                  æ’®ã‚Šã€ãƒ‡ã‚¸ã‚¿ãƒ«æœ¬æ£...
You may provide a definition with
\DeclareUnicodeCharacter 


! LaTeX Error: Unicode character æ’® (U+64AE)
               not set up for use with LaTeX.

See the LaTeX manual or LaTeX Companion for explanation.
Type  H <return>  for immediate help.
 ...                                              
                                                  
l.25 ...èª­ã‚“ã æœ¬ã€è²·ã£ãŸæœ¬ã®å†™çœŸã‚’æ’®
                                                  ã‚Šã€ãƒ‡ã‚¸ã‚¿ãƒ«æœ¬æ£šã‚...
You may provide a definition with
\DeclareUnicodeCharacter 


! LaTeX Error: Unicode character ã‚Š (U+308A)
               not set up for use with LaTeX.

See the LaTeX manual or LaTeX Companion for explanation.
Type  H <return>  for immediate help.
 ...                                              
                                                  
l.25 ...ã‚“ã æœ¬ã€è²·ã£ãŸæœ¬ã®å†™çœŸã‚’æ’®ã‚Š
                                                  ã€ãƒ‡ã‚¸ã‚¿ãƒ«æœ¬æ£šã‚’ä½...
You may provide a definition with
\DeclareUnicodeCharacter 


! LaTeX Error: Unicode character ã€ (U+3001)
               not set up for use with LaTeX.

See the LaTeX manual or LaTeX Companion for explanation.
Type  H <return>  for immediate help.
 ...                                              
                                                  
l.25 ...ã æœ¬ã€è²·ã£ãŸæœ¬ã®å†™çœŸã‚’æ’®ã‚Šã€
                                                  ãƒ‡ã‚¸ã‚¿ãƒ«æœ¬æ£šã‚’ä½œã‚‹
You may provide a definition with
\DeclareUnicodeCharacter 


! LaTeX Error: Unicode character ãƒ‡ (U+30C7)
               not set up for use with LaTeX.

See the LaTeX manual or LaTeX Companion for explanation.
Type  H <return>  for immediate help.
 ...                                              
                                                  
l.25 ...æœ¬ã€è²·ã£ãŸæœ¬ã®å†™çœŸã‚’æ’®ã‚Šã€ãƒ‡
                                                  ã‚¸ã‚¿ãƒ«æœ¬æ£šã‚’ä½œã‚‹
You may provide a definition with
\DeclareUnicodeCharacter 


! LaTeX Error: Unicode character ã‚¸ (U+30B8)
               not set up for use with LaTeX.

See the LaTeX manual or LaTeX Companion for explanation.
Type  H <return>  for immediate help.
 ...                                              
                                                  
l.25 ...ã€è²·ã£ãŸæœ¬ã®å†™çœŸã‚’æ’®ã‚Šã€ãƒ‡ã‚¸
                                                  ã‚¿ãƒ«æœ¬æ£šã‚’ä½œã‚‹
You may provide a definition with
\DeclareUnicodeCharacter 


! LaTeX Error: Unicode character ã‚¿ (U+30BF)
               not set up for use with LaTeX.

See the LaTeX manual or LaTeX Companion for explanation.
Type  H <return>  for immediate help.
 ...                                              
                                                  
l.25 ...è²·ã£ãŸæœ¬ã®å†™çœŸã‚’æ’®ã‚Šã€ãƒ‡ã‚¸ã‚¿
                                                  ãƒ«æœ¬æ£šã‚’ä½œã‚‹
You may provide a definition with
\DeclareUnicodeCharacter 


! LaTeX Error: Unicode character ãƒ« (U+30EB)
               not set up for use with LaTeX.

See the LaTeX manual or LaTeX Companion for explanation.
Type  H <return>  for immediate help.
 ...                                              
                                                  
l.25 ...ã£ãŸæœ¬ã®å†™çœŸã‚’æ’®ã‚Šã€ãƒ‡ã‚¸ã‚¿ãƒ«
                                                  æœ¬æ£šã‚’ä½œã‚‹
You may provide a definition with
\DeclareUnicodeCharacter 


! LaTeX Error: Unicode character æœ¬ (U+672C)
               not set up for use with LaTeX.

See the LaTeX manual or LaTeX Companion for explanation.
Type  H <return>  for immediate help.
 ...                                              
                                                  
l.25 ...ãŸæœ¬ã®å†™çœŸã‚’æ’®ã‚Šã€ãƒ‡ã‚¸ã‚¿ãƒ«æœ¬
                                                  æ£šã‚’ä½œã‚‹
You may provide a definition with
\DeclareUnicodeCharacter 


! LaTeX Error: Unicode character æ£š (U+68DA)
               not set up for use with LaTeX.

See the LaTeX manual or LaTeX Companion for explanation.
Type  H <return>  for immediate help.
 ...                                              
                                                  
l.25 ...æœ¬ã®å†™çœŸã‚’æ’®ã‚Šã€ãƒ‡ã‚¸ã‚¿ãƒ«æœ¬æ£š
                                                  ã‚’ä½œã‚‹
You may provide a definition with
\DeclareUnicodeCharacter 


! LaTeX Error: Unicode character ã‚’ (U+3092)
               not set up for use with LaTeX.

See the LaTeX manual or LaTeX Companion for explanation.
Type  H <return>  for immediate help.
 ...                                              
                                                  
l.25 ...ã®å†™çœŸã‚’æ’®ã‚Šã€ãƒ‡ã‚¸ã‚¿ãƒ«æœ¬æ£šã‚’
                                                  ä½œã‚‹
You may provide a definition with
\DeclareUnicodeCharacter 


! LaTeX Error: Unicode character ä½œ (U+4F5C)
               not set up for use with LaTeX.

See the LaTeX manual or LaTeX Companion for explanation.
Type  H <return>  for immediate help.
 ...                                              
                                                  
l.25 ...å†™çœŸã‚’æ’®ã‚Šã€ãƒ‡ã‚¸ã‚¿ãƒ«æœ¬æ£šã‚’ä½œ
                                                  ã‚‹
You may provide a definition with
\DeclareUnicodeCharacter 


! LaTeX Error: Unicode character ã‚‹ (U+308B)
               not set up for use with LaTeX.

See the LaTeX manual or LaTeX Companion for explanation.
Type  H <return>  for immediate help.
 ...                                              
                                                  
l.25 ...çœŸã‚’æ’®ã‚Šã€ãƒ‡ã‚¸ã‚¿ãƒ«æœ¬æ£šã‚’ä½œã‚‹
                                                  
You may provide a definition with
\DeclareUnicodeCharacter 

! Undefined control sequence.
l.26 \subsection
                {é–‹ç™ºèƒŒæ™¯}
The control sequence at the end of the top line
of your error message was never \def'ed. If you have
misspelled it (e.g., `\hobx'), type `I' and the correct
spelling (e.g., `I\hbox'). Otherwise just continue,
and I'll forget about whatever was undefined.


! LaTeX Error: Unicode character é–‹ (U+958B)
               not set up for use with LaTeX.

See the LaTeX manual or LaTeX Companion for explanation.
Type  H <return>  for immediate help.
 ...                                              
                                                  
l.26 \subsection{é–‹
                    ç™ºèƒŒæ™¯}
You may provide a definition with
\DeclareUnicodeCharacter 


! LaTeX Error: Unicode character ç™º (U+767A)
               not set up for use with LaTeX.

See the LaTeX manual or LaTeX Companion for explanation.
Type  H <return>  for immediate help.
 ...                                              
                                                  
l.26 \subsection{é–‹ç™º
                       èƒŒæ™¯}
You may provide a definition with
\DeclareUnicodeCharacter 


! LaTeX Error: Unicode character èƒŒ (U+80CC)
               not set up for use with LaTeX.

See the LaTeX manual or LaTeX Companion for explanation.
Type  H <return>  for immediate help.
 ...                                              
                                                  
l.26 \subsection{é–‹ç™ºèƒŒ
                          æ™¯}
You may provide a definition with
\DeclareUnicodeCharacter 


! LaTeX Error: Unicode character æ™¯ (U+666F)
               not set up for use with LaTeX.

See the LaTeX manual or LaTeX Companion for explanation.
Type  H <return>  for immediate help.
 ...                                              
                                                  
l.26 \subsection{é–‹ç™ºèƒŒæ™¯
                             }
You may provide a definition with
\DeclareUnicodeCharacter 


! LaTeX Error: Unicode character å¤š (U+591A)
               not set up for use with LaTeX.

See the LaTeX manual or LaTeX Companion for explanation.
Type  H <return>  for immediate help.
 ...                                              
                                                  
l.27 å¤š
        ãã®äººãŒã€èª­æ›¸ã‚’é€šã˜ã¦å¾—ãŸæ„Ÿå‹•ã‚„çŸ¥è­˜ã®è¨¼ã¨ã—ã...
You may provide a definition with
\DeclareUnicodeCharacter 


! LaTeX Error: Unicode character ã (U+304F)
               not set up for use with LaTeX.

See the LaTeX manual or LaTeX Companion for explanation.
Type  H <return>  for immediate help.
 ...                                              
                                                  
l.27 å¤šã
           ã®äººãŒã€èª­æ›¸ã‚’é€šã˜ã¦å¾—ãŸæ„Ÿå‹•ã‚„çŸ¥è­˜ã®è¨¼ã¨ã—ã...
You may provide a definition with
\DeclareUnicodeCharacter 


! LaTeX Error: Unicode character ã® (U+306E)
               not set up for use with LaTeX.

See the LaTeX manual or LaTeX Companion for explanation.
Type  H <return>  for immediate help.
 ...                                              
                                                  
l.27 å¤šãã®
              äººãŒã€èª­æ›¸ã‚’é€šã˜ã¦å¾—ãŸæ„Ÿå‹•ã‚„çŸ¥è­˜ã®è¨¼ã¨ã—ã...
You may provide a definition with
\DeclareUnicodeCharacter 


! LaTeX Error: Unicode character äºº (U+4EBA)
               not set up for use with LaTeX.

See the LaTeX manual or LaTeX Companion for explanation.
Type  H <return>  for immediate help.
 ...                                              
                                                  
l.27 å¤šãã®äºº
                 ãŒã€èª­æ›¸ã‚’é€šã˜ã¦å¾—ãŸæ„Ÿå‹•ã‚„çŸ¥è­˜ã®è¨¼ã¨ã—ã...
You may provide a definition with
\DeclareUnicodeCharacter 


! LaTeX Error: Unicode character ãŒ (U+304C)
               not set up for use with LaTeX.

See the LaTeX manual or LaTeX Companion for explanation.
Type  H <return>  for immediate help.
 ...                                              
                                                  
l.27 å¤šãã®äººãŒ
                    ã€èª­æ›¸ã‚’é€šã˜ã¦å¾—ãŸæ„Ÿå‹•ã‚„çŸ¥è­˜ã®è¨¼ã¨ã—ã...
You may provide a definition with
\DeclareUnicodeCharacter 


! LaTeX Error: Unicode character ã€ (U+3001)
               not set up for use with LaTeX.

See the LaTeX manual or LaTeX Companion for explanation.
Type  H <return>  for immediate help.
 ...                                              
                                                  
l.27 å¤šãã®äººãŒã€
                       èª­æ›¸ã‚’é€šã˜ã¦å¾—ãŸæ„Ÿå‹•ã‚„çŸ¥è­˜ã®è¨¼ã¨ã—ã...
You may provide a definition with
\DeclareUnicodeCharacter 


! LaTeX Error: Unicode character èª­ (U+8AAD)
               not set up for use with LaTeX.

See the LaTeX manual or LaTeX Companion for explanation.
Type  H <return>  for immediate help.
 ...                                              
                                                  
l.27 å¤šãã®äººãŒã€èª­
                          æ›¸ã‚’é€šã˜ã¦å¾—ãŸæ„Ÿå‹•ã‚„çŸ¥è­˜ã®è¨¼ã¨ã—ã...
You may provide a definition with
\DeclareUnicodeCharacter 


! LaTeX Error: Unicode character æ›¸ (U+66F8)
               not set up for use with LaTeX.

See the LaTeX manual or LaTeX Companion for explanation.
Type  H <return>  for immediate help.
 ...                                              
                                                  
l.27 å¤šãã®äººãŒã€èª­æ›¸
                             ã‚’é€šã˜ã¦å¾—ãŸæ„Ÿå‹•ã‚„çŸ¥è­˜ã®è¨¼ã¨ã—ã...
You may provide a definition with
\DeclareUnicodeCharacter 


! LaTeX Error: Unicode character ã‚’ (U+3092)
               not set up for use with LaTeX.

See the LaTeX manual or LaTeX Companion for explanation.
Type  H <return>  for immediate help.
 ...                                              
                                                  
l.27 å¤šãã®äººãŒã€èª­æ›¸ã‚’
                                é€šã˜ã¦å¾—ãŸæ„Ÿå‹•ã‚„çŸ¥è­˜ã®è¨¼ã¨ã—ã...
You may provide a definition with
\DeclareUnicodeCharacter 


! LaTeX Error: Unicode character é€š (U+901A)
               not set up for use with LaTeX.

See the LaTeX manual or LaTeX Companion for explanation.
Type  H <return>  for immediate help.
 ...                                              
                                                  
l.27 å¤šãã®äººãŒã€èª­æ›¸ã‚’é€š
                                   ã˜ã¦å¾—ãŸæ„Ÿå‹•ã‚„çŸ¥è­˜ã®è¨¼ã¨ã—ã...
You may provide a definition with
\DeclareUnicodeCharacter 


! LaTeX Error: Unicode character ã˜ (U+3058)
               not set up for use with LaTeX.

See the LaTeX manual or LaTeX Companion for explanation.
Type  H <return>  for immediate help.
 ...                                              
                                                  
l.27 å¤šãã®äººãŒã€èª­æ›¸ã‚’é€šã˜
                                      ã¦å¾—ãŸæ„Ÿå‹•ã‚„çŸ¥è­˜ã®è¨¼ã¨ã—ã...
You may provide a definition with
\DeclareUnicodeCharacter 


! LaTeX Error: Unicode character ã¦ (U+3066)
               not set up for use with LaTeX.

See the LaTeX manual or LaTeX Companion for explanation.
Type  H <return>  for immediate help.
 ...                                              
                                                  
l.27 å¤šãã®äººãŒã€èª­æ›¸ã‚’é€šã˜ã¦
                                         å¾—ãŸæ„Ÿå‹•ã‚„çŸ¥è­˜ã®è¨¼ã¨ã—ã...
You may provide a definition with
\DeclareUnicodeCharacter 


! LaTeX Error: Unicode character å¾— (U+5F97)
               not set up for use with LaTeX.

See the LaTeX manual or LaTeX Companion for explanation.
Type  H <return>  for immediate help.
 ...                                              
                                                  
l.27 å¤šãã®äººãŒã€èª­æ›¸ã‚’é€šã˜ã¦å¾—
                                            ãŸæ„Ÿå‹•ã‚„çŸ¥è­˜ã®è¨¼ã¨ã—ã...
You may provide a definition with
\DeclareUnicodeCharacter 


! LaTeX Error: Unicode character ãŸ (U+305F)
               not set up for use with LaTeX.

See the LaTeX manual or LaTeX Companion for explanation.
Type  H <return>  for immediate help.
 ...                                              
                                                  
l.27 å¤šãã®äººãŒã€èª­æ›¸ã‚’é€šã˜ã¦å¾—ãŸ
                                               æ„Ÿå‹•ã‚„çŸ¥è­˜ã®è¨¼ã¨ã—ã...
You may provide a definition with
\DeclareUnicodeCharacter 


! LaTeX Error: Unicode character æ„Ÿ (U+611F)
               not set up for use with LaTeX.

See the LaTeX manual or LaTeX Companion for explanation.
Type  H <return>  for immediate help.
 ...                                              
                                                  
l.27 å¤šãã®äººãŒã€èª­æ›¸ã‚’é€šã˜ã¦å¾—ãŸæ„Ÿ
                                                  å‹•ã‚„çŸ¥è­˜ã®è¨¼ã¨ã—ã...
You may provide a definition with
\DeclareUnicodeCharacter 


! LaTeX Error: Unicode character å‹• (U+52D5)
               not set up for use with LaTeX.

See the LaTeX manual or LaTeX Companion for explanation.
Type  H <return>  for immediate help.
 ...                                              
                                                  
l.27 ...ã®äººãŒã€èª­æ›¸ã‚’é€šã˜ã¦å¾—ãŸæ„Ÿå‹•
                                                  ã‚„çŸ¥è­˜ã®è¨¼ã¨ã—ã¦ã€...
You may provide a definition with
\DeclareUnicodeCharacter 


! LaTeX Error: Unicode character ã‚„ (U+3084)
               not set up for use with LaTeX.

See the LaTeX manual or LaTeX Companion for explanation.
Type  H <return>  for immediate help.
 ...                                              
                                                  
l.27 ...äººãŒã€èª­æ›¸ã‚’é€šã˜ã¦å¾—ãŸæ„Ÿå‹•ã‚„
                                                  çŸ¥è­˜ã®è¨¼ã¨ã—ã¦ã€èª...
You may provide a definition with
\DeclareUnicodeCharacter 


! LaTeX Error: Unicode character çŸ¥ (U+77E5)
               not set up for use with LaTeX.

See the LaTeX manual or LaTeX Companion for explanation.
Type  H <return>  for immediate help.
 ...                                              
                                                  
l.27 ...ãŒã€èª­æ›¸ã‚’é€šã˜ã¦å¾—ãŸæ„Ÿå‹•ã‚„çŸ¥
                                                  è­˜ã®è¨¼ã¨ã—ã¦ã€èª­ã‚...
You may provide a definition with
\DeclareUnicodeCharacter 


! LaTeX Error: Unicode character è­˜ (U+8B58)
               not set up for use with LaTeX.

See the LaTeX manual or LaTeX Companion for explanation.
Type  H <return>  for immediate help.
 ...                                              
                                                  
l.27 ...ã€èª­æ›¸ã‚’é€šã˜ã¦å¾—ãŸæ„Ÿå‹•ã‚„çŸ¥è­˜
                                                  ã®è¨¼ã¨ã—ã¦ã€èª­ã‚“ã...
You may provide a definition with
\DeclareUnicodeCharacter 


! LaTeX Error: Unicode character ã® (U+306E)
               not set up for use with LaTeX.

See the LaTeX manual or LaTeX Companion for explanation.
Type  H <return>  for immediate help.
 ...                                              
                                                  
l.27 ...èª­æ›¸ã‚’é€šã˜ã¦å¾—ãŸæ„Ÿå‹•ã‚„çŸ¥è­˜ã®
                                                  è¨¼ã¨ã—ã¦ã€èª­ã‚“ã æœ...
You may provide a definition with
\DeclareUnicodeCharacter 


! LaTeX Error: Unicode character è¨¼ (U+8A3C)
               not set up for use with LaTeX.

See the LaTeX manual or LaTeX Companion for explanation.
Type  H <return>  for immediate help.
 ...                                              
                                                  
l.27 ...æ›¸ã‚’é€šã˜ã¦å¾—ãŸæ„Ÿå‹•ã‚„çŸ¥è­˜ã®è¨¼
                                                  ã¨ã—ã¦ã€èª­ã‚“ã æœ¬ã‚...
You may provide a definition with
\DeclareUnicodeCharacter 


! LaTeX Error: Unicode character ã¨ (U+3068)
               not set up for use with LaTeX.

See the LaTeX manual or LaTeX Companion for explanation.
Type  H <return>  for immediate help.
 ...                                              
                                                  
l.27 ...ã‚’é€šã˜ã¦å¾—ãŸæ„Ÿå‹•ã‚„çŸ¥è­˜ã®è¨¼ã¨
                                                  ã—ã¦ã€èª­ã‚“ã æœ¬ã‚’ã‚...
You may provide a definition with
\DeclareUnicodeCharacter 


! LaTeX Error: Unicode character ã— (U+3057)
               not set up for use with LaTeX.

See the LaTeX manual or LaTeX Companion for explanation.
Type  H <return>  for immediate help.
 ...                                              
                                                  
l.27 ...é€šã˜ã¦å¾—ãŸæ„Ÿå‹•ã‚„çŸ¥è­˜ã®è¨¼ã¨ã—
                                                  ã¦ã€èª­ã‚“ã æœ¬ã‚’ã‚³ãƒ...
You may provide a definition with
\DeclareUnicodeCharacter 


! LaTeX Error: Unicode character ã¦ (U+3066)
               not set up for use with LaTeX.

See the LaTeX manual or LaTeX Companion for explanation.
Type  H <return>  for immediate help.
 ...                                              
                                                  
l.27 ...ã˜ã¦å¾—ãŸæ„Ÿå‹•ã‚„çŸ¥è­˜ã®è¨¼ã¨ã—ã¦
                                                  ã€èª­ã‚“ã æœ¬ã‚’ã‚³ãƒ¬ã‚...
You may provide a definition with
\DeclareUnicodeCharacter 


! LaTeX Error: Unicode character ã€ (U+3001)
               not set up for use with LaTeX.

See the LaTeX manual or LaTeX Companion for explanation.
Type  H <return>  for immediate help.
 ...                                              
                                                  
l.27 ...ã¦å¾—ãŸæ„Ÿå‹•ã‚„çŸ¥è­˜ã®è¨¼ã¨ã—ã¦ã€
                                                  èª­ã‚“ã æœ¬ã‚’ã‚³ãƒ¬ã‚¯ã‚...
You may provide a definition with
\DeclareUnicodeCharacter 


! LaTeX Error: Unicode character èª­ (U+8AAD)
               not set up for use with LaTeX.

See the LaTeX manual or LaTeX Companion for explanation.
Type  H <return>  for immediate help.
 ...                                              
                                                  
l.27 ...å¾—ãŸæ„Ÿå‹•ã‚„çŸ¥è­˜ã®è¨¼ã¨ã—ã¦ã€èª­
                                                  ã‚“ã æœ¬ã‚’ã‚³ãƒ¬ã‚¯ã‚·ãƒ...
You may provide a definition with
\DeclareUnicodeCharacter 


! LaTeX Error: Unicode character ã‚“ (U+3093)
               not set up for use with LaTeX.

See the LaTeX manual or LaTeX Companion for explanation.
Type  H <return>  for immediate help.
 ...                                              
                                                  
l.27 ...ãŸæ„Ÿå‹•ã‚„çŸ¥è­˜ã®è¨¼ã¨ã—ã¦ã€èª­ã‚“
                                                  ã æœ¬ã‚’ã‚³ãƒ¬ã‚¯ã‚·ãƒ§ãƒ...
You may provide a definition with
\DeclareUnicodeCharacter 


! LaTeX Error: Unicode character ã  (U+3060)
               not set up for use with LaTeX.

See the LaTeX manual or LaTeX Companion for explanation.
Type  H <return>  for immediate help.
 ...                                              
                                                  
l.27 ...æ„Ÿå‹•ã‚„çŸ¥è­˜ã®è¨¼ã¨ã—ã¦ã€èª­ã‚“ã 
                                                  æœ¬ã‚’ã‚³ãƒ¬ã‚¯ã‚·ãƒ§ãƒ³ã...
You may provide a definition with
\DeclareUnicodeCharacter 


! LaTeX Error: Unicode character æœ¬ (U+672C)
               not set up for use with LaTeX.

See the LaTeX manual or LaTeX Companion for explanation.
Type  H <return>  for immediate help.
 ...                                              
                                                  
l.27 ...å‹•ã‚„çŸ¥è­˜ã®è¨¼ã¨ã—ã¦ã€èª­ã‚“ã æœ¬
                                                  ã‚’ã‚³ãƒ¬ã‚¯ã‚·ãƒ§ãƒ³ã—ã...
You may provide a definition with
\DeclareUnicodeCharacter 


! LaTeX Error: Unicode character ã‚’ (U+3092)
               not set up for use with LaTeX.

See the LaTeX manual or LaTeX Companion for explanation.
Type  H <return>  for immediate help.
 ...                                              
                                                  
l.27 ...ã‚„çŸ¥è­˜ã®è¨¼ã¨ã—ã¦ã€èª­ã‚“ã æœ¬ã‚’
                                                  ã‚³ãƒ¬ã‚¯ã‚·ãƒ§ãƒ³ã—ãŸã...
You may provide a definition with
\DeclareUnicodeCharacter 


! LaTeX Error: Unicode character ã‚³ (U+30B3)
               not set up for use with LaTeX.

See the LaTeX manual or LaTeX Companion for explanation.
Type  H <return>  for immediate help.
 ...                                              
                                                  
l.27 ...çŸ¥è­˜ã®è¨¼ã¨ã—ã¦ã€èª­ã‚“ã æœ¬ã‚’ã‚³
                                                  ãƒ¬ã‚¯ã‚·ãƒ§ãƒ³ã—ãŸã„ã...
You may provide a definition with
\DeclareUnicodeCharacter 


! LaTeX Error: Unicode character ãƒ¬ (U+30EC)
               not set up for use with LaTeX.

See the LaTeX manual or LaTeX Companion for explanation.
Type  H <return>  for immediate help.
 ...                                              
                                                  
l.27 ...è­˜ã®è¨¼ã¨ã—ã¦ã€èª­ã‚“ã æœ¬ã‚’ã‚³ãƒ¬
                                                  ã‚¯ã‚·ãƒ§ãƒ³ã—ãŸã„ã¨ã...
You may provide a definition with
\DeclareUnicodeCharacter 


! LaTeX Error: Unicode character ã‚¯ (U+30AF)
               not set up for use with LaTeX.

See the LaTeX manual or LaTeX Companion for explanation.
Type  H <return>  for immediate help.
 ...                                              
                                                  
l.27 ...ã®è¨¼ã¨ã—ã¦ã€èª­ã‚“ã æœ¬ã‚’ã‚³ãƒ¬ã‚¯
                                                  ã‚·ãƒ§ãƒ³ã—ãŸã„ã¨ã„ã...
You may provide a definition with
\DeclareUnicodeCharacter 


! LaTeX Error: Unicode character ã‚· (U+30B7)
               not set up for use with LaTeX.

See the LaTeX manual or LaTeX Companion for explanation.
Type  H <return>  for immediate help.
 ...                                              
                                                  
l.27 ...è¨¼ã¨ã—ã¦ã€èª­ã‚“ã æœ¬ã‚’ã‚³ãƒ¬ã‚¯ã‚·
                                                  ãƒ§ãƒ³ã—ãŸã„ã¨ã„ã†æ€...
You may provide a definition with
\DeclareUnicodeCharacter 


! LaTeX Error: Unicode character ãƒ§ (U+30E7)
               not set up for use with LaTeX.

See the LaTeX manual or LaTeX Companion for explanation.
Type  H <return>  for immediate help.
 ...                                              
                                                  
l.27 ...ã¨ã—ã¦ã€èª­ã‚“ã æœ¬ã‚’ã‚³ãƒ¬ã‚¯ã‚·ãƒ§
                                                  ãƒ³ã—ãŸã„ã¨ã„ã†æ€ã...
You may provide a definition with
\DeclareUnicodeCharacter 


! LaTeX Error: Unicode character ãƒ³ (U+30F3)
               not set up for use with LaTeX.

See the LaTeX manual or LaTeX Companion for explanation.
Type  H <return>  for immediate help.
 ...                                              
                                                  
l.27 ...ã—ã¦ã€èª­ã‚“ã æœ¬ã‚’ã‚³ãƒ¬ã‚¯ã‚·ãƒ§ãƒ³
                                                  ã—ãŸã„ã¨ã„ã†æ€ã„ã‚...
You may provide a definition with
\DeclareUnicodeCharacter 


! LaTeX Error: Unicode character ã— (U+3057)
               not set up for use with LaTeX.

See the LaTeX manual or LaTeX Companion for explanation.
Type  H <return>  for immediate help.
 ...                                              
                                                  
l.27 ...ã¦ã€èª­ã‚“ã æœ¬ã‚’ã‚³ãƒ¬ã‚¯ã‚·ãƒ§ãƒ³ã—
                                                  ãŸã„ã¨ã„ã†æ€ã„ã‚’æŒ...
You may provide a definition with
\DeclareUnicodeCharacter 


! LaTeX Error: Unicode character ãŸ (U+305F)
               not set up for use with LaTeX.

See the LaTeX manual or LaTeX Companion for explanation.
Type  H <return>  for immediate help.
 ...                                              
                                                  
l.27 ...ã€èª­ã‚“ã æœ¬ã‚’ã‚³ãƒ¬ã‚¯ã‚·ãƒ§ãƒ³ã—ãŸ
                                                  ã„ã¨ã„ã†æ€ã„ã‚’æŒã...
You may provide a definition with
\DeclareUnicodeCharacter 


! LaTeX Error: Unicode character ã„ (U+3044)
               not set up for use with LaTeX.

See the LaTeX manual or LaTeX Companion for explanation.
Type  H <return>  for immediate help.
 ...                                              
                                                  
l.27 ...èª­ã‚“ã æœ¬ã‚’ã‚³ãƒ¬ã‚¯ã‚·ãƒ§ãƒ³ã—ãŸã„
                                                  ã¨ã„ã†æ€ã„ã‚’æŒã£ã...
You may provide a definition with
\DeclareUnicodeCharacter 


! LaTeX Error: Unicode character ã¨ (U+3068)
               not set up for use with LaTeX.

See the LaTeX manual or LaTeX Companion for explanation.
Type  H <return>  for immediate help.
 ...                                              
                                                  
l.27 ...ã‚“ã æœ¬ã‚’ã‚³ãƒ¬ã‚¯ã‚·ãƒ§ãƒ³ã—ãŸã„ã¨
                                                  ã„ã†æ€ã„ã‚’æŒã£ã¦ã...
You may provide a definition with
\DeclareUnicodeCharacter 


! LaTeX Error: Unicode character ã„ (U+3044)
               not set up for use with LaTeX.

See the LaTeX manual or LaTeX Companion for explanation.
Type  H <return>  for immediate help.
 ...                                              
                                                  
l.27 ...ã æœ¬ã‚’ã‚³ãƒ¬ã‚¯ã‚·ãƒ§ãƒ³ã—ãŸã„ã¨ã„
                                                  ã†æ€ã„ã‚’æŒã£ã¦ã„ã...
You may provide a definition with
\DeclareUnicodeCharacter 


! LaTeX Error: Unicode character ã† (U+3046)
               not set up for use with LaTeX.

See the LaTeX manual or LaTeX Companion for explanation.
Type  H <return>  for immediate help.
 ...                                              
                                                  
l.27 ...æœ¬ã‚’ã‚³ãƒ¬ã‚¯ã‚·ãƒ§ãƒ³ã—ãŸã„ã¨ã„ã†
                                                  æ€ã„ã‚’æŒã£ã¦ã„ã¾ã...
You may provide a definition with
\DeclareUnicodeCharacter 


! LaTeX Error: Unicode character æ€ (U+601D)
               not set up for use with LaTeX.

See the LaTeX manual or LaTeX Companion for explanation.
Type  H <return>  for immediate help.
 ...                                              
                                                  
l.27 ...ã‚’ã‚³ãƒ¬ã‚¯ã‚·ãƒ§ãƒ³ã—ãŸã„ã¨ã„ã†æ€
                                                  ã„ã‚’æŒã£ã¦ã„ã¾ã™ã€‚\\
You may provide a definition with
\DeclareUnicodeCharacter 


! LaTeX Error: Unicode character ã„ (U+3044)
               not set up for use with LaTeX.

See the LaTeX manual or LaTeX Companion for explanation.
Type  H <return>  for immediate help.
 ...                                              
                                                  
l.27 ...ã‚³ãƒ¬ã‚¯ã‚·ãƒ§ãƒ³ã—ãŸã„ã¨ã„ã†æ€ã„
                                                  ã‚’æŒã£ã¦ã„ã¾ã™ã€‚\\
You may provide a definition with
\DeclareUnicodeCharacter 


! LaTeX Error: Unicode character ã‚’ (U+3092)
               not set up for use with LaTeX.

See the LaTeX manual or LaTeX Companion for explanation.
Type  H <return>  for immediate help.
 ...                                              
                                                  
l.27 ...ãƒ¬ã‚¯ã‚·ãƒ§ãƒ³ã—ãŸã„ã¨ã„ã†æ€ã„ã‚’
                                                  æŒã£ã¦ã„ã¾ã™ã€‚\\
You may provide a definition with
\DeclareUnicodeCharacter 


! LaTeX Error: Unicode character æŒ (U+6301)
               not set up for use with LaTeX.

See the LaTeX manual or LaTeX Companion for explanation.
Type  H <return>  for immediate help.
 ...                                              
                                                  
l.27 ...ã‚¯ã‚·ãƒ§ãƒ³ã—ãŸã„ã¨ã„ã†æ€ã„ã‚’æŒ
                                                  ã£ã¦ã„ã¾ã™ã€‚\\
You may provide a definition with
\DeclareUnicodeCharacter 


! LaTeX Error: Unicode character ã£ (U+3063)
               not set up for use with LaTeX.

See the LaTeX manual or LaTeX Companion for explanation.
Type  H <return>  for immediate help.
 ...                                              
                                                  
l.27 ...ã‚·ãƒ§ãƒ³ã—ãŸã„ã¨ã„ã†æ€ã„ã‚’æŒã£
                                                  ã¦ã„ã¾ã™ã€‚\\
You may provide a definition with
\DeclareUnicodeCharacter 


! LaTeX Error: Unicode character ã¦ (U+3066)
               not set up for use with LaTeX.

See the LaTeX manual or LaTeX Companion for explanation.
Type  H <return>  for immediate help.
 ...                                              
                                                  
l.27 ...ãƒ§ãƒ³ã—ãŸã„ã¨ã„ã†æ€ã„ã‚’æŒã£ã¦
                                                  ã„ã¾ã™ã€‚\\
You may provide a definition with
\DeclareUnicodeCharacter 


! LaTeX Error: Unicode character ã„ (U+3044)
               not set up for use with LaTeX.

See the LaTeX manual or LaTeX Companion for explanation.
Type  H <return>  for immediate help.
 ...                                              
                                                  
l.27 ...ãƒ³ã—ãŸã„ã¨ã„ã†æ€ã„ã‚’æŒã£ã¦ã„
                                                  ã¾ã™ã€‚\\
You may provide a definition with
\DeclareUnicodeCharacter 


! LaTeX Error: Unicode character ã¾ (U+307E)
               not set up for use with LaTeX.

See the LaTeX manual or LaTeX Companion for explanation.
Type  H <return>  for immediate help.
 ...                                              
                                                  
l.27 ...ã—ãŸã„ã¨ã„ã†æ€ã„ã‚’æŒã£ã¦ã„ã¾
                                                  ã™ã€‚\\
You may provide a definition with
\DeclareUnicodeCharacter 


! LaTeX Error: Unicode character ã™ (U+3059)
               not set up for use with LaTeX.

See the LaTeX manual or LaTeX Companion for explanation.
Type  H <return>  for immediate help.
 ...                                              
                                                  
l.27 ...ãŸã„ã¨ã„ã†æ€ã„ã‚’æŒã£ã¦ã„ã¾ã™
                                                  ã€‚\\
You may provide a definition with
\DeclareUnicodeCharacter 


! LaTeX Error: Unicode character ã€‚ (U+3002)
               not set up for use with LaTeX.

See the LaTeX manual or LaTeX Companion for explanation.
Type  H <return>  for immediate help.
 ...                                              
                                                  
l.27 ...ã„ã¨ã„ã†æ€ã„ã‚’æŒã£ã¦ã„ã¾ã™ã€‚
                                                  \\
You may provide a definition with
\DeclareUnicodeCharacter 


! LaTeX Error: Unicode character ã— (U+3057)
               not set up for use with LaTeX.

See the LaTeX manual or LaTeX Companion for explanation.
Type  H <return>  for immediate help.
 ...                                              
                                                  
l.28 ã—
        ã‹ã—ã€ç‰¹ã«ä¸€äººæš®ã‚‰ã—ã®å­¦ç”Ÿãªã©ã€é™ã‚‰ã‚ŒãŸã‚¹ãƒšãƒ...
You may provide a definition with
\DeclareUnicodeCharacter 


! LaTeX Error: Unicode character ã‹ (U+304B)
               not set up for use with LaTeX.

See the LaTeX manual or LaTeX Companion for explanation.
Type  H <return>  for immediate help.
 ...                                              
                                                  
l.28 ã—ã‹
           ã—ã€ç‰¹ã«ä¸€äººæš®ã‚‰ã—ã®å­¦ç”Ÿãªã©ã€é™ã‚‰ã‚ŒãŸã‚¹ãƒšãƒ...
You may provide a definition with
\DeclareUnicodeCharacter 


! LaTeX Error: Unicode character ã— (U+3057)
               not set up for use with LaTeX.

See the LaTeX manual or LaTeX Companion for explanation.
Type  H <return>  for immediate help.
 ...                                              
                                                  
l.28 ã—ã‹ã—
              ã€ç‰¹ã«ä¸€äººæš®ã‚‰ã—ã®å­¦ç”Ÿãªã©ã€é™ã‚‰ã‚ŒãŸã‚¹ãƒšãƒ...
You may provide a definition with
\DeclareUnicodeCharacter 


! LaTeX Error: Unicode character ã€ (U+3001)
               not set up for use with LaTeX.

See the LaTeX manual or LaTeX Companion for explanation.
Type  H <return>  for immediate help.
 ...                                              
                                                  
l.28 ã—ã‹ã—ã€
                 ç‰¹ã«ä¸€äººæš®ã‚‰ã—ã®å­¦ç”Ÿãªã©ã€é™ã‚‰ã‚ŒãŸã‚¹ãƒšãƒ...
You may provide a definition with
\DeclareUnicodeCharacter 


! LaTeX Error: Unicode character ç‰¹ (U+7279)
               not set up for use with LaTeX.

See the LaTeX manual or LaTeX Companion for explanation.
Type  H <return>  for immediate help.
 ...                                              
                                                  
l.28 ã—ã‹ã—ã€ç‰¹
                    ã«ä¸€äººæš®ã‚‰ã—ã®å­¦ç”Ÿãªã©ã€é™ã‚‰ã‚ŒãŸã‚¹ãƒšãƒ...
You may provide a definition with
\DeclareUnicodeCharacter 


! LaTeX Error: Unicode character ã« (U+306B)
               not set up for use with LaTeX.

See the LaTeX manual or LaTeX Companion for explanation.
Type  H <return>  for immediate help.
 ...                                              
                                                  
l.28 ã—ã‹ã—ã€ç‰¹ã«
                       ä¸€äººæš®ã‚‰ã—ã®å­¦ç”Ÿãªã©ã€é™ã‚‰ã‚ŒãŸã‚¹ãƒšãƒ...
You may provide a definition with
\DeclareUnicodeCharacter 


! LaTeX Error: Unicode character ä¸€ (U+4E00)
               not set up for use with LaTeX.

See the LaTeX manual or LaTeX Companion for explanation.
Type  H <return>  for immediate help.
 ...                                              
                                                  
l.28 ã—ã‹ã—ã€ç‰¹ã«ä¸€
                          äººæš®ã‚‰ã—ã®å­¦ç”Ÿãªã©ã€é™ã‚‰ã‚ŒãŸã‚¹ãƒšãƒ...
You may provide a definition with
\DeclareUnicodeCharacter 


! LaTeX Error: Unicode character äºº (U+4EBA)
               not set up for use with LaTeX.

See the LaTeX manual or LaTeX Companion for explanation.
Type  H <return>  for immediate help.
 ...                                              
                                                  
l.28 ã—ã‹ã—ã€ç‰¹ã«ä¸€äºº
                             æš®ã‚‰ã—ã®å­¦ç”Ÿãªã©ã€é™ã‚‰ã‚ŒãŸã‚¹ãƒšãƒ...
You may provide a definition with
\DeclareUnicodeCharacter 


! LaTeX Error: Unicode character æš® (U+66AE)
               not set up for use with LaTeX.

See the LaTeX manual or LaTeX Companion for explanation.
Type  H <return>  for immediate help.
 ...                                              
                                                  
l.28 ã—ã‹ã—ã€ç‰¹ã«ä¸€äººæš®
                                ã‚‰ã—ã®å­¦ç”Ÿãªã©ã€é™ã‚‰ã‚ŒãŸã‚¹ãƒšãƒ...
You may provide a definition with
\DeclareUnicodeCharacter 


! LaTeX Error: Unicode character ã‚‰ (U+3089)
               not set up for use with LaTeX.

See the LaTeX manual or LaTeX Companion for explanation.
Type  H <return>  for immediate help.
 ...                                              
                                                  
l.28 ã—ã‹ã—ã€ç‰¹ã«ä¸€äººæš®ã‚‰
                                   ã—ã®å­¦ç”Ÿãªã©ã€é™ã‚‰ã‚ŒãŸã‚¹ãƒšãƒ...
You may provide a definition with
\DeclareUnicodeCharacter 


! LaTeX Error: Unicode character ã— (U+3057)
               not set up for use with LaTeX.

See the LaTeX manual or LaTeX Companion for explanation.
Type  H <return>  for immediate help.
 ...                                              
                                                  
l.28 ã—ã‹ã—ã€ç‰¹ã«ä¸€äººæš®ã‚‰ã—
                                      ã®å­¦ç”Ÿãªã©ã€é™ã‚‰ã‚ŒãŸã‚¹ãƒšãƒ...
You may provide a definition with
\DeclareUnicodeCharacter 


! LaTeX Error: Unicode character ã® (U+306E)
               not set up for use with LaTeX.

See the LaTeX manual or LaTeX Companion for explanation.
Type  H <return>  for immediate help.
 ...                                              
                                                  
l.28 ã—ã‹ã—ã€ç‰¹ã«ä¸€äººæš®ã‚‰ã—ã®
                                         å­¦ç”Ÿãªã©ã€é™ã‚‰ã‚ŒãŸã‚¹ãƒšãƒ...
(That makes 100 errors; please try again.) 
Here is how much of TeX's memory you used:
 2947 strings out of 473191
 44964 string characters out of 5715826
 436875 words of memory out of 5000000
 26230 multiletter control sequences out of 15000+600000
 558837 words of font info for 36 fonts, out of 8000000 for 9000
 1141 hyphenation exceptions out of 8191
 57i,1n,65p,366b,267s stack positions out of 10000i,1000n,20000p,200000b,200000s

No pages of output.
